<?xml version="1.0" encoding="UTF-8"?>
<!-- Generated by org.testng.reporters.JUnitXMLReporter -->
<testsuite ignored="0" hostname="Max-PC" failures="0" tests="3" name="Default test" time="0.404" errors="0" timestamp="2021-10-11T20:43:17 EET">
  <testcase classname="test.rutkouski.task1.parser.StringToIntParserTest" name="parseToIntTestCorrect" time="0.007"/>
  <testcase classname="test.rutkouski.task1.parser.StringToIntParserTest" name="parseToIntTestIncorrect" time="0.001"/>
  <testcase classname="test.rutkouski.task1.parser.StringToIntParserTest" name="parseToIntTestNullPointerException" time="0.013"/>
</testsuite> <!-- Default test -->
